[debug] [2020-10-13T18:11:16.493Z] ----------------------------------------------------------------------
[debug] [2020-10-13T18:11:16.497Z] Command:       C:\Program Files\nodejs\node.exe C:\Users\Joel\AppData\Roaming\npm\node_modules\firebase-tools\lib\bin\firebase.js init
[debug] [2020-10-13T18:11:16.498Z] CLI Version:   8.12.1
[debug] [2020-10-13T18:11:16.498Z] Platform:      win32
[debug] [2020-10-13T18:11:16.498Z] Node Version:  v14.11.0
[debug] [2020-10-13T18:11:16.500Z] Time:          Tue Oct 13 2020 20:11:16 GMT+0200 (hora de verano de Europa central)
[debug] [2020-10-13T18:11:16.500Z] ----------------------------------------------------------------------
[debug] [2020-10-13T18:11:16.500Z] 
[debug] [2020-10-13T18:11:16.513Z] > command requires scopes: ["email","openid","https://www.googleapis.com/auth/cloudplatformprojects.readonly","https://www.googleapis.com/auth/firebase","https://www.googleapis.com/auth/cloud-platform"]
[debug] [2020-10-13T18:11:16.514Z] > authorizing via signed-in user
[info] 
     ######## #### ########  ######## ########     ###     ######  ########
     ##        ##  ##     ## ##       ##     ##  ##   ##  ##       ##
     ######    ##  ########  ######   ########  #########  ######  ######
     ##        ##  ##    ##  ##       ##     ## ##     ##       ## ##
     ##       #### ##     ## ######## ########  ##     ##  ######  ########

You're about to initialize a Firebase project in this directory:

  D:\Documentos\Classe\2 DAW\Dual\Tres-en-Ratlla\TresEnRatlla

Before we get started, keep in mind:

  * You are initializing in an existing Firebase project directory

